<?xml version="1.0" encoding="UTF-8"?>
<!-- Generated by org.testng.reporters.JUnitXMLReporter -->
<testsuite ignored="0" hostname="DESKTOP-SGBBOU4" failures="0" tests="4" name="Default test" time="0.642" errors="0" timestamp="2023-10-04T16:55:41 IST">
  <testcase classname="TestNg_ICICI.ElementsOfEduLoanTest" name="@BeforeTest launchbrowser" time="-1.696418740543E9">
    <failure type="org.testng.TestNGException" message="
Can inject only one of &amp;lt;ITestContext, XmlTest&amp;gt; into a @BeforeTest annotated launchbrowser.
For more information on native dependency injection please refer to https://testng.org/doc/documentation-main.html#native-dependency-injection">
      <![CDATA[org.testng.TestNGException: 
Can inject only one of <ITestContext, XmlTest> into a @BeforeTest annotated launchbrowser.
For more information on native dependency injection please refer to https://testng.org/doc/documentation-main.html#native-dependency-injection
at org.testng.internal.Parameters.checkParameterTypes(Parameters.java:436)
at org.testng.internal.Parameters.createParametersForMethod(Parameters.java:350)
at org.testng.internal.Parameters.createParameters(Parameters.java:693)
at org.testng.internal.Parameters.createConfigurationParameters(Parameters.java:166)
at org.testng.internal.invokers.ConfigInvoker.invokeConfigurations(ConfigInvoker.java:306)
at org.testng.TestRunner.invokeTestConfigurations(TestRunner.java:663)
at org.testng.TestRunner.beforeRun(TestRunner.java:652)
at org.testng.TestRunner.run(TestRunner.java:614)
at org.testng.SuiteRunner.runTest(SuiteRunner.java:443)
at org.testng.SuiteRunner.runSequentially(SuiteRunner.java:437)
at org.testng.SuiteRunner.privateRun(SuiteRunner.java:397)
at org.testng.SuiteRunner.run(SuiteRunner.java:336)
at org.testng.SuiteRunnerWorker.runSuite(SuiteRunnerWorker.java:52)
at org.testng.SuiteRunnerWorker.run(SuiteRunnerWorker.java:95)
at org.testng.TestNG.runSuitesSequentially(TestNG.java:1280)
at org.testng.TestNG.runSuitesLocally(TestNG.java:1200)
at org.testng.TestNG.runSuites(TestNG.java:1114)
at org.testng.TestNG.run(TestNG.java:1082)
at org.testng.remote.AbstractRemoteTestNG.run(AbstractRemoteTestNG.java:115)
at org.testng.remote.RemoteTestNG.initAndRun(RemoteTestNG.java:251)
at org.testng.remote.RemoteTestNG.main(RemoteTestNG.java:77)
]]>
    </failure>
  </testcase> <!-- @BeforeTest launchbrowser -->
  <testcase classname="TestNg_ICICI.ElementsOfEduLoanTest" name="@BeforeClass creatingPOMObjects" time="0.0">
    <skipped/>
  </testcase> <!-- @BeforeClass creatingPOMObjects -->
  <testcase classname="TestNg_ICICI.ElementsOfEduLoanTest" name="@BeforeMethod openHomePage" time="0.0">
    <skipped/>
  </testcase> <!-- @BeforeMethod openHomePage -->
  <testcase classname="TestNg_ICICI.ElementsOfEduLoanTest" name="@AfterMethod logoutFromApplication" time="0.0">
    <skipped/>
  </testcase> <!-- @AfterMethod logoutFromApplication -->
  <testcase classname="TestNg_ICICI.ElementsOfEduLoanTest" name="@BeforeMethod openHomePage" time="0.0">
    <skipped/>
  </testcase> <!-- @BeforeMethod openHomePage -->
  <testcase classname="TestNg_ICICI.ElementsOfEduLoanTest" name="@AfterMethod logoutFromApplication" time="0.0">
    <skipped/>
  </testcase> <!-- @AfterMethod logoutFromApplication -->
  <testcase classname="TestNg_ICICI.ElementsOfEduLoanTest" name="@BeforeMethod openHomePage" time="0.0">
    <skipped/>
  </testcase> <!-- @BeforeMethod openHomePage -->
  <testcase classname="TestNg_ICICI.ElementsOfEduLoanTest" name="@AfterMethod logoutFromApplication" time="0.0">
    <skipped/>
  </testcase> <!-- @AfterMethod logoutFromApplication -->
  <testcase classname="TestNg_ICICI.ElementsOfEduLoanTest" name="@AfterClass clearObject" time="0.0">
    <skipped/>
  </testcase> <!-- @AfterClass clearObject -->
  <testcase classname="TestNg_ICICI.ElementsOfEduLoanTest" name="@AfterTest closeBrowser" time="0.0">
    <skipped/>
  </testcase> <!-- @AfterTest closeBrowser -->
  <testcase classname="TestNg_ICICI.ElementsOfEduLoanTest" name="EducationLoanPageCustomerLocationTest" time="0.001">
    <skipped/>
  </testcase> <!-- EducationLoanPageCustomerLocationTest -->
  <testcase classname="TestNg_ICICI.ElementsOfEduLoanTest" name="EducationLoanPageFullNameTest" time="0.002">
    <skipped/>
  </testcase> <!-- EducationLoanPageFullNameTest -->
  <testcase classname="TestNg_ICICI.ElementsOfEduLoanTest" name="EducationLoanPageDOBTest" time="0.0">
    <skipped/>
  </testcase> <!-- EducationLoanPageDOBTest -->
  <testcase classname="TestNg_ICICI.ElementsOfEduLoanTest" name="EducationLoanPageMobileEmailTest" time="0.0">
    <skipped/>
  </testcase> <!-- EducationLoanPageMobileEmailTest -->
</testsuite> <!-- Default test -->
