<?xml version="1.0" encoding="UTF-8"?>
<!-- Generated by org.testng.reporters.JUnitXMLReporter -->
<testsuite ignored="3" hostname="DESKTOP-SGBBOU4" failures="0" tests="1" name="Chrome" time="0.353" errors="0" timestamp="2023-10-04T15:31:25 IST">
  <testcase classname="TestNg_ICICI.ElementsOfEduLoanTest" name="@BeforeTest launchbrowser" time="-1.696413685332E9">
    <failure type="org.testng.TestNGException" message="
Can inject only one of &amp;lt;ITestContext, XmlTest&amp;gt; into a @BeforeTest annotated launchbrowser.
For more information on native dependency injection please refer to https://testng.org/doc/documentation-main.html#native-dependency-injection">
      <![CDATA[org.testng.TestNGException: 
Can inject only one of <ITestContext, XmlTest> into a @BeforeTest annotated launchbrowser.
For more information on native dependency injection please refer to https://testng.org/doc/documentation-main.html#native-dependency-injection
... Removed 21 stack frames]]>
    </failure>
  </testcase> <!-- @BeforeTest launchbrowser -->
  <testcase classname="TestNg_ICICI.ElementsOfEduLoanTest" name="@BeforeClass creatingPOMObjects" time="0.0">
    <skipped/>
  </testcase> <!-- @BeforeClass creatingPOMObjects -->
  <testcase classname="TestNg_ICICI.ElementsOfEduLoanTest" name="@BeforeMethod openHomePage" time="0.0">
    <skipped/>
  </testcase> <!-- @BeforeMethod openHomePage -->
  <testcase classname="TestNg_ICICI.ElementsOfEduLoanTest" name="@AfterMethod logoutFromApplication" time="0.0">
    <skipped/>
  </testcase> <!-- @AfterMethod logoutFromApplication -->
  <testcase classname="TestNg_ICICI.ElementsOfEduLoanTest" name="@AfterClass clearObject" time="0.0">
    <skipped/>
  </testcase> <!-- @AfterClass clearObject -->
  <testcase classname="TestNg_ICICI.ElementsOfEduLoanTest" name="@AfterTest closeBrowser" time="0.0">
    <skipped/>
  </testcase> <!-- @AfterTest closeBrowser -->
  <testcase classname="TestNg_ICICI.ElementsOfEduLoanTest" name="EducationLoanPageFullNameTest" time="0.006">
    <skipped/>
  </testcase> <!-- EducationLoanPageFullNameTest -->
  <testcase classname="TestNg_ICICI.ElementsOfEduLoanTest" name="EducationLoanPageMobileEmailTest" time="0.0">
    <ignored/>
  </testcase> <!-- EducationLoanPageMobileEmailTest -->
  <testcase classname="TestNg_ICICI.ElementsOfEduLoanTest" name="EducationLoanPageDOBTest" time="0.0">
    <ignored/>
  </testcase> <!-- EducationLoanPageDOBTest -->
  <testcase classname="TestNg_ICICI.ElementsOfEduLoanTest" name="EducationLoanPageCustomerLocationTest" time="0.0">
    <ignored/>
  </testcase> <!-- EducationLoanPageCustomerLocationTest -->
</testsuite> <!-- Chrome -->
